#
# An unexpected error has been detected by Java Runtime Environment:
#
#  EXCEPTION_ACCESS_VIOLATION (0xc0000005) at pc=0x030afbad, pid=1812, tid=2816
#
# Java VM: Java HotSpot(TM) Client VM (12.0-b01 mixed mode, sharing windows-x86)
# Problematic frame:
# C  0x030afbad
#
# If you would like to submit a bug report, please visit:
#   http://java.sun.com/webapps/bugreport/crash.jsp
# The crash happened outside the Java Virtual Machine in native code.
# See problematic frame for where to report the bug.
#

---------------  T H R E A D  ---------------

Current thread (0x02ef2c00):  JavaThread "AWT-Windows" daemon [_thread_in_native, id=2816, stack(0x03160000,0x031b0000)]

siginfo: ExceptionCode=0xc0000005, reading address 0x00000001

Registers:
EAX=0x08030af8, EBX=0x00000001, ECX=0x030afba8, EDX=0x030af8b8
ESP=0x031af780, EBP=0x031af7ac, ESI=0x02ef2d14, EDI=0x00000000
EIP=0x030afbad, EFLAGS=0x00010297

Top of Stack: (sp=0x031af780)
0x031af780:   6d0a1904 031af814 6d0a1450 00000000
0x031af790:   ffffffff 00000000 02ef2d14 031af784
0x031af7a0:   031af830 6d0b5318 00000001 031af7d8
0x031af7b0:   77d48709 00430202 00009819 030afba8
0x031af7c0:   00000000 6d0a1450 dcbaabcd 00000000
0x031af7d0:   031af814 6d0a1450 031af840 77d487eb
0x031af7e0:   6d0a1450 00430202 00009819 030afba8
0x031af7f0:   00000000 00000000 00430202 77d489d9 

Instructions: (pc=0x030afbad)
0x030afb9d:   00 00 00 0a 00 14 00 82 00 0c 02 b8 f8 0a 03 08
0x030afbad:   02 0b 03 01 00 00 00 50 c0 0b 6d 00 00 00 00 00 


Stack: [0x03160000,0x031b0000],  sp=0x031af780,  free space=317k
Native frames: (J=compiled Java code, j=interpreted, Vv=VM code, C=native code)
C  0x030afbad
C  [USER32.dll+0x8709]
C  [USER32.dll+0x87eb]
C  [USER32.dll+0xb368]
C  [USER32.dll+0xb3b4]
C  [ntdll.dll+0xeae3]

Java frames: (J=compiled Java code, j=interpreted, Vv=VM code)
j  sun.awt.windows.WToolkit.eventLoop()V+0
j  sun.awt.windows.WToolkit.run()V+69
j  java.lang.Thread.run()V+11
v  ~StubRoutines::call_stub

---------------  P R O C E S S  ---------------

Java Threads: ( => current thread )
  0x02f86400 JavaThread "Thread-1" daemon [_thread_in_native, id=3160, stack(0x03340000,0x03390000)]
  0x00866800 JavaThread "DestroyJavaVM" [_thread_blocked, id=3664, stack(0x00900000,0x00950000)]
  0x03071800 JavaThread "AWT-EventQueue-0" [_thread_blocked, id=3504, stack(0x031f0000,0x03240000)]
=>0x02ef2c00 JavaThread "AWT-Windows" daemon [_thread_in_native, id=2816, stack(0x03160000,0x031b0000)]
  0x02ef1400 JavaThread "AWT-Shutdown" [_thread_blocked, id=3368, stack(0x03110000,0x03160000)]
  0x02ef0400 JavaThread "Java2D Disposer" daemon [_thread_in_native, id=3016, stack(0x030c0000,0x03110000)]
  0x02b29000 JavaThread "Low Memory Detector" daemon [_thread_blocked, id=3576, stack(0x02da0000,0x02df0000)]
  0x02b23800 JavaThread "CompilerThread0" daemon [_thread_blocked, id=3708, stack(0x02d50000,0x02da0000)]
  0x02b21400 JavaThread "Attach Listener" daemon [_thread_blocked, id=2960, stack(0x02d00000,0x02d50000)]
  0x02b20000 JavaThread "Signal Dispatcher" daemon [_thread_blocked, id=3676, stack(0x02cb0000,0x02d00000)]
  0x02b0f800 JavaThread "Finalizer" daemon [_thread_blocked, id=2568, stack(0x02c60000,0x02cb0000)]
  0x02b0e400 JavaThread "Reference Handler" daemon [_thread_blocked, id=2916, stack(0x02c10000,0x02c60000)]

Other Threads:
  0x02b0c800 VMThread [stack: 0x02bc0000,0x02c10000] [id=2600]
  0x02b2ac00 WatcherThread [stack: 0x02df0000,0x02e40000] [id=4040]

VM state:not at safepoint (normal execution)

VM Mutex/Monitor currently owned by a thread: None

Heap
 def new generation   total 960K, used 68K [0x229f0000, 0x22af0000, 0x22ed0000)
  eden space 896K,   4% used [0x229f0000, 0x229f9058, 0x22ad0000)
  from space 64K,  50% used [0x22ae0000, 0x22ae8008, 0x22af0000)
  to   space 64K,   0% used [0x22ad0000, 0x22ad0000, 0x22ae0000)
 tenured generation   total 4096K, used 580K [0x22ed0000, 0x232d0000, 0x269f0000)
   the space 4096K,  14% used [0x22ed0000, 0x22f61310, 0x22f61400, 0x232d0000)
 compacting perm gen  total 12288K, used 561K [0x269f0000, 0x275f0000, 0x2a9f0000)
   the space 12288K,   4% used [0x269f0000, 0x26a7c5e8, 0x26a7c600, 0x275f0000)
    ro space 8192K,  66% used [0x2a9f0000, 0x2af4ac48, 0x2af4ae00, 0x2b1f0000)
    rw space 12288K,  52% used [0x2b1f0000, 0x2b83bca8, 0x2b83be00, 0x2bdf0000)

Dynamic libraries:
0x00400000 - 0x00423000 	C:\Program Files\Java\jdk1.7.0\bin\java.exe
0x7c900000 - 0x7c9b0000 	C:\WINDOWS\system32\ntdll.dll
0x7c800000 - 0x7c8f4000 	C:\WINDOWS\system32\kernel32.dll
0x64d00000 - 0x64d36000 	C:\Program Files\Alwil Software\Avast5\snxhk.dll
0x77dd0000 - 0x77e6b000 	C:\WINDOWS\system32\ADVAPI32.dll
0x77e70000 - 0x77f01000 	C:\WINDOWS\system32\RPCRT4.dll
0x77d40000 - 0x77dd0000 	C:\WINDOWS\system32\USER32.dll
0x77f10000 - 0x77f56000 	C:\WINDOWS\system32\GDI32.dll
0x629c0000 - 0x629c9000 	C:\WINDOWS\system32\LPK.DLL
0x6f500000 - 0x6f57d000 	C:\WINDOWS\system32\USP10.dll
0x77c10000 - 0x77c68000 	C:\WINDOWS\system32\msvcrt.dll
0x7c340000 - 0x7c396000 	C:\Program Files\Java\jdk1.7.0\jre\bin\msvcr71.dll
0x6d7c0000 - 0x6da14000 	C:\Program Files\Java\jdk1.7.0\jre\bin\client\jvm.dll
0x76b40000 - 0x76b6d000 	C:\WINDOWS\system32\WINMM.dll
0x6d210000 - 0x6d218000 	C:\Program Files\Java\jdk1.7.0\jre\bin\hpi.dll
0x76bf0000 - 0x76bfb000 	C:\WINDOWS\system32\PSAPI.DLL
0x6d770000 - 0x6d77c000 	C:\Program Files\Java\jdk1.7.0\jre\bin\verify.dll
0x6d290000 - 0x6d2af000 	C:\Program Files\Java\jdk1.7.0\jre\bin\java.dll
0x6d7b0000 - 0x6d7bf000 	C:\Program Files\Java\jdk1.7.0\jre\bin\zip.dll
0x6d000000 - 0x6d12c000 	C:\Program Files\Java\jdk1.7.0\jre\bin\awt.dll
0x73000000 - 0x73026000 	C:\WINDOWS\system32\WINSPOOL.DRV
0x76390000 - 0x763ad000 	C:\WINDOWS\system32\IMM32.dll
0x774e0000 - 0x7761c000 	C:\WINDOWS\system32\ole32.dll
0x7c9c0000 - 0x7d1d4000 	C:\WINDOWS\system32\SHELL32.dll
0x77f60000 - 0x77fd6000 	C:\WINDOWS\system32\SHLWAPI.dll
0x773d0000 - 0x774d2000 	C:\WINDOWS\WinSxS\x86_Microsoft.Windows.Common-Controls_6595b64144ccf1df_6.0.2600.2180_x-ww_a84f1ff9\comctl32.dll
0x5ad70000 - 0x5ada8000 	C:\WINDOWS\system32\uxtheme.dll
0x73760000 - 0x737a9000 	C:\WINDOWS\system32\ddraw.dll
0x73bc0000 - 0x73bc6000 	C:\WINDOWS\system32\DCIMAN32.dll
0x74720000 - 0x7476b000 	C:\WINDOWS\system32\MSCTF.dll
0x6d1e0000 - 0x6d207000 	C:\Program Files\Java\jdk1.7.0\jre\bin\fontmanager.dll
0x6d720000 - 0x6d751000 	C:\Program Files\Java\jdk1.7.0\jre\bin\t2k.dll
0x10000000 - 0x1000c000 	C:\WINDOWS\system32\TDispVol.dll
0x6d530000 - 0x6d546000 	C:\Program Files\Java\jdk1.7.0\jre\bin\net.dll
0x71ab0000 - 0x71ac7000 	C:\WINDOWS\system32\WS2_32.dll
0x71aa0000 - 0x71aa8000 	C:\WINDOWS\system32\WS2HELP.dll
0x6d550000 - 0x6d559000 	C:\Program Files\Java\jdk1.7.0\jre\bin\nio.dll

VM Arguments:
jvm_args: -Dfile.encoding=UTF-8 
java_command: onkey.KeyBoard
Launcher Type: SUN_STANDARD

Environment Variables:
PATH=C:\WINDOWS\system32;C:\WINDOWS;C:\WINDOWS\System32\Wbem;C:\Program Files\Toshiba\Bluetooth Toshiba Stack\sys\;
USERNAME=RATUL
OS=Windows_NT
PROCESSOR_IDENTIFIER=x86 Family 6 Model 37 Stepping 2, GenuineIntel



---------------  S Y S T E M  ---------------

OS: Windows XP Build 2600 Service Pack 2

CPU:total 4 (8 cores per cpu, 2 threads per core) family 6 model 5 stepping 2, cmov, cx8, fxsr, mmx, sse, sse2, sse3, ssse3, ht

Memory: 4k page, physical 1956688k(1115356k free), swap 3896076k(3161076k free)

vm_info: Java HotSpot(TM) Client VM (12.0-b01) for windows-x86 JRE (1.7.0-ea-b24), built on Dec  4 2007 02:35:35 by "java_re" with MS VC++ 7.1

time: Sun Mar 18 03:33:51 2012
elapsed time: 12 seconds

